2025-02-16 22:08:57,474 - WARNING - [main.py:284] - Failed to verify proxy: http://arrowospff4oxrepy1q-session-mkm7isx4-duration-1800:n5bydwiqk4jjwffx@isp.proxies.fo:10808
2025-02-16 22:08:57,525 - INFO - [main.py:103] - Starting KiteAI automation...
2025-02-16 22:08:57,525 - INFO - [main.py:329] - Fetching transactions securely...
2025-02-16 22:09:01,008 - INFO - [main.py:651] - Selected AI Assistant: Transaction Analyzer
2025-02-16 22:09:01,008 - INFO - [main.py:652] - Question: What do you think of this transaction? 0x30c0d9ae458ae467742f76b5029b7eb9c9deff170b23bccd3ae221eb0fd1341f
2025-02-16 22:09:41,262 - INFO - [main.py:529] - Sending secure query to https://deployment-sofftlsf9z4fya3qchykaanq.stag-vxzy.zettablock.com/main
2025-02-16 22:12:16,728 - WARNING - [main.py:578] - Query timeout reached
2025-02-16 22:12:16,728 - INFO - [main.py:594] - Reporting usage securely...
2025-02-16 22:17:19,200 - INFO - [main.py:665] - Usage reported successfully
2025-02-16 22:18:32,239 - WARNING - [main.py:676] - Interaction may not have been recorded
2025-02-16 22:18:32,239 - INFO - [main.py:148] - Waiting 9.20 seconds before next interaction...
2025-02-16 22:18:41,437 - INFO - [main.py:329] - Fetching transactions securely...
2025-02-16 22:18:55,579 - INFO - [main.py:651] - Selected AI Assistant: Kite AI Assistant
2025-02-16 22:18:55,579 - INFO - [main.py:652] - Question: Can you explain the Kite AI ecosystem?
2025-02-16 22:20:13,853 - INFO - [main.py:529] - Sending secure query to https://deployment-hp4y88pxnqxwlmpxllicjzzn.stag-vxzy.zettablock.com/main
2025-02-16 22:20:35,523 - INFO - [main.py:594] - Reporting usage securely...
2025-02-16 22:26:51,487 - INFO - [main.py:665] - Usage reported successfully
2025-02-16 22:27:10,865 - INFO - [main.py:672] - Interaction successfully recorded
2025-02-16 22:27:10,865 - INFO - [main.py:148] - Waiting 11.89 seconds before next interaction...
2025-02-16 22:27:22,753 - INFO - [main.py:329] - Fetching transactions securely...
2025-02-16 22:27:29,519 - INFO - [main.py:651] - Selected AI Assistant: Kite AI Assistant
2025-02-16 22:27:29,519 - INFO - [main.py:652] - Question: What are the benefits of using Kite AI?
2025-02-16 22:29:27,414 - INFO - [main.py:529] - Sending secure query to https://deployment-hp4y88pxnqxwlmpxllicjzzn.stag-vxzy.zettablock.com/main
2025-02-16 22:29:44,620 - INFO - [main.py:594] - Reporting usage securely...
2025-02-16 22:33:13,608 - INFO - [main.py:665] - Usage reported successfully
2025-02-16 22:35:17,461 - INFO - [main.py:672] - Interaction successfully recorded
2025-02-16 22:35:17,463 - INFO - [main.py:148] - Waiting 5.92 seconds before next interaction...
2025-02-16 22:35:23,389 - INFO - [main.py:329] - Fetching transactions securely...
2025-02-16 22:35:35,905 - INFO - [main.py:651] - Selected AI Assistant: Kite AI Assistant
2025-02-16 22:35:35,907 - INFO - [main.py:652] - Question: How does Kite AI help developers?
2025-02-16 22:39:19,832 - INFO - [main.py:529] - Sending secure query to https://deployment-hp4y88pxnqxwlmpxllicjzzn.stag-vxzy.zettablock.com/main
2025-02-16 22:39:35,973 - INFO - [main.py:594] - Reporting usage securely...
